Using pre-set license
Built from '2022.2/staging' branch; Version is '2022.2.5f1 (551d45108343) revision 5578053'; Using compiler version '192829333'; Build Type 'Release'
OS: 'Windows 11  (10.0.22621) 64bit Core' Language: 'en' Physical Memory: 15720 MB
BatchMode: 1, IsHumanControllingUs: 0, StartBugReporterOnCrash: 0, Is64bit: 1, IsPro: 1

COMMAND LINE ARGUMENTS:
D:\App data\Unity Hub\2022.2.5f1\Editor\Unity.exe
-adb2
-batchMode
-noUpm
-name
AssetImportWorker3
-projectPath
D:/App data/Trans-Runners!!
-logFile
Logs/AssetImportWorker3.log
-srvPort
50638
Successfully changed project path to: D:/App data/Trans-Runners!!
D:/App data/Trans-Runners!!
[UnityMemory] Configuration Parameters - Can be set up in boot.config
    "memorysetup-bucket-allocator-granularity=16"
    "memorysetup-bucket-allocator-bucket-count=8"
    "memorysetup-bucket-allocator-block-size=33554432"
    "memorysetup-bucket-allocator-block-count=8"
    "memorysetup-main-allocator-block-size=16777216"
    "memorysetup-thread-allocator-block-size=16777216"
    "memorysetup-gfx-main-allocator-block-size=16777216"
    "memorysetup-gfx-thread-allocator-block-size=16777216"
    "memorysetup-cache-allocator-block-size=4194304"
    "memorysetup-typetree-allocator-block-size=2097152"
    "memorysetup-profiler-bucket-allocator-granularity=16"
    "memorysetup-profiler-bucket-allocator-bucket-count=8"
    "memorysetup-profiler-bucket-allocator-block-size=33554432"
    "memorysetup-profiler-bucket-allocator-block-count=8"
    "memorysetup-profiler-allocator-block-size=16777216"
    "memorysetup-profiler-editor-allocator-block-size=1048576"
    "memorysetup-temp-allocator-size-main=16777216"
    "memorysetup-job-temp-allocator-block-size=2097152"
    "memorysetup-job-temp-allocator-block-size-background=1048576"
    "memorysetup-job-temp-allocator-reduction-small-platforms=262144"
    "memorysetup-temp-allocator-size-background-worker=32768"
    "memorysetup-temp-allocator-size-job-worker=262144"
    "memorysetup-temp-allocator-size-preload-manager=33554432"
    "memorysetup-temp-allocator-size-nav-mesh-worker=65536"
    "memorysetup-temp-allocator-size-audio-worker=65536"
    "memorysetup-temp-allocator-size-cloud-worker=32768"
    "memorysetup-temp-allocator-size-gi-baking-worker=262144"
    "memorysetup-temp-allocator-size-gfx=262144"
Player connection [19100] Host "[IP] 192.168.1.115 [Port] 0 [Flags] 2 [Guid] 2893379046 [EditorId] 2893379046 [Version] 1048832 [Id] WindowsEditor(7,JAC-Techno-Uni) [Debug] 1 [PackageName] WindowsEditor [ProjectName] Editor" joined multi-casting on [225.0.0.222:54997]...

Player connection [19100] Host "[IP] 192.168.1.115 [Port] 0 [Flags] 2 [Guid] 2893379046 [EditorId] 2893379046 [Version] 1048832 [Id] WindowsEditor(7,JAC-Techno-Uni) [Debug] 1 [PackageName] WindowsEditor [ProjectName] Editor" joined alternative multi-casting on [225.0.0.222:34997]...

Refreshing native plugins compatible for Editor in 303.78 ms, found 3 plugins.
Preloading 0 native plugins for Editor in 0.00 ms.
Initialize engine version: 2022.2.5f1 (551d45108343)
[Subsystems] Discovering subsystems at path D:/App data/Unity Hub/2022.2.5f1/Editor/Data/Resources/UnitySubsystems
[Subsystems] Discovering subsystems at path D:/App data/Trans-Runners!!/Assets
GfxDevice: creating device client; threaded=0; jobified=0
Direct3D:
    Version:  Direct3D 11.0 [level 11.1]
    Renderer: NVIDIA GeForce RTX 3060 Laptop GPU (ID=0x2560)
    Vendor:   NVIDIA
    VRAM:     6009 MB
    Driver:   31.0.15.3667
Initialize mono
Mono path[0] = 'D:/App data/Unity Hub/2022.2.5f1/Editor/Data/Managed'
Mono path[1] = 'D:/App data/Unity Hub/2022.2.5f1/Editor/Data/MonoBleedingEdge/lib/mono/unityjit-win32'
Mono config path = 'D:/App data/Unity Hub/2022.2.5f1/Editor/Data/MonoBleedingEdge/etc'
Using monoOptions --debugger-agent=transport=dt_socket,embedding=1,server=y,suspend=n,address=127.0.0.1:56856
Begin MonoManager ReloadAssembly
Registering precompiled unity dll's ...
Register platform support module: D:/App data/Unity Hub/2022.2.5f1/Editor/Data/PlaybackEngines/WebGLSupport/UnityEditor.WebGL.Extensions.dll
Register platform support module: D:/App data/Unity Hub/2022.2.5f1/Editor/Data/PlaybackEngines/MacStandaloneSupport/UnityEditor.OSXStandalone.Extensions.dll
Register platform support module: D:/App data/Unity Hub/2022.2.5f1/Editor/Data/PlaybackEngines/AndroidPlayer/UnityEditor.Android.Extensions.dll
Register platform support module: D:/App data/Unity Hub/2022.2.5f1/Editor/Data/PlaybackEngines/iOSSupport/UnityEditor.iOS.Extensions.dll
Register platform support module: D:/App data/Unity Hub/2022.2.5f1/Editor/Data/PlaybackEngines/WindowsStandaloneSupport/UnityEditor.WindowsStandalone.Extensions.dll
Register platform support module: D:/App data/Unity Hub/2022.2.5f1/Editor/Data/PlaybackEngines/MetroSupport/UnityEditor.UWP.Extensions.dll
Registered in 0.017553 seconds.
- Loaded All Assemblies, in  0.438 seconds
Native extension for UWP target not found
Native extension for WindowsStandalone target not found
[usbmuxd] Start listen thread
[usbmuxd] Listen thread started
[usbmuxd] Send listen message
Native extension for iOS target not found
Native extension for Android target not found
Android Extension - Scanning For ADB Devices 689 ms
Native extension for OSXStandalone target not found
Native extension for WebGL target not found
Mono: successfully reloaded assembly
- Finished resetting the current domain, in  1.123 seconds
Domain Reload Profiling:
	ReloadAssembly (262ms)
		BeginReloadAssembly (115ms)
			ExecutionOrderSort (0ms)
			DisableScriptedObjects (0ms)
			BackupInstance (0ms)
			ReleaseScriptingObjects (0ms)
			CreateAndSetChildDomain (1ms)
		LoadAllAssembliesAndSetupDomain (0ms)
			LoadAssemblies (117ms)
			RebuildTransferFunctionScriptingTraits (0ms)
			SetupTypeCache (170ms)
				TypeCache.Initialize (169ms)
					TypeCache.ScanAssembly (167ms)
				ResolveRequiredComponents (1ms)
		FinalizeReload (0ms)
			ReleaseScriptCaches (0ms)
			RebuildScriptCaches (0ms)
			SetupLoadedEditorAssemblies (1060ms)
				LogAssemblyErrors (0ms)
				InitializePlatformSupportModulesInManaged (871ms)
				SetLoadedEditorAssemblies (4ms)
				RefreshPlugins (0ms)
				BeforeProcessingInitializeOnLoad (1ms)
				ProcessInitializeOnLoadAttributes (118ms)
				ProcessInitializeOnLoadMethodAttributes (66ms)
				AfterProcessingInitializeOnLoad (0ms)
				EditorAssembliesLoaded (0ms)
			ExecutionOrderSort2 (0ms)
			AwakeInstancesAfterBackupRestoration (0ms)
========================================================================
Worker process is ready to serve import requests
Begin MonoManager ReloadAssembly
Symbol file LoadedFromMemory doesn't match image D:\App data\Trans-Runners!!\Library\PackageCache\com.unity.visualscripting@1.8.0\Editor\VisualScripting.Core\Dependencies\YamlDotNet\Unity.VisualScripting.YamlDotNet.dll
Symbol file LoadedFromMemory is not a mono symbol file
Symbol file LoadedFromMemory doesn't match image D:\App data\Trans-Runners!!\Library\PackageCache\com.unity.visualscripting@1.8.0\Editor\VisualScripting.Core\Dependencies\DotNetZip\Unity.VisualScripting.IonicZip.dll
Symbol file LoadedFromMemory is not a mono symbol file
Symbol file LoadedFromMemory is not a mono symbol file
Symbol file LoadedFromMemory is not a mono symbol file
- Loaded All Assemblies, in  3.354 seconds
Refreshing native plugins compatible for Editor in 7.93 ms, found 3 plugins.
Native extension for UWP target not found
Native extension for WindowsStandalone target not found
Native extension for iOS target not found
Native extension for Android target not found
Native extension for OSXStandalone target not found
Native extension for WebGL target not found
Mono: successfully reloaded assembly
- Finished resetting the current domain, in  1.595 seconds
Domain Reload Profiling:
	ReloadAssembly (318ms)
		BeginReloadAssembly (168ms)
			ExecutionOrderSort (0ms)
			DisableScriptedObjects (8ms)
			BackupInstance (0ms)
			ReleaseScriptingObjects (0ms)
			CreateAndSetChildDomain (37ms)
		LoadAllAssembliesAndSetupDomain (3036ms)
			LoadAssemblies (2290ms)
			RebuildTransferFunctionScriptingTraits (0ms)
			SetupTypeCache (830ms)
				TypeCache.Initialize (496ms)
					TypeCache.ScanAssembly (487ms)
				ResolveRequiredComponents (23ms)
		FinalizeReload (0ms)
			ReleaseScriptCaches (0ms)
			RebuildScriptCaches (0ms)
			SetupLoadedEditorAssemblies (1315ms)
				LogAssemblyErrors (0ms)
				InitializePlatformSupportModulesInManaged (48ms)
				SetLoadedEditorAssemblies (5ms)
				RefreshPlugins (0ms)
				BeforeProcessingInitializeOnLoad (105ms)
				ProcessInitializeOnLoadAttributes (489ms)
				ProcessInitializeOnLoadMethodAttributes (664ms)
				AfterProcessingInitializeOnLoad (4ms)
				EditorAssembliesLoaded (0ms)
			ExecutionOrderSort2 (0ms)
			AwakeInstancesAfterBackupRestoration (12ms)
Launched and connected shader compiler UnityShaderCompiler.exe after 0.15 seconds
Refreshing native plugins compatible for Editor in 23.61 ms, found 3 plugins.
Preloading 0 native plugins for Editor in 0.00 ms.
Unloading 6483 Unused Serialized files (Serialized files now loaded: 0)
Unloading 411 unused Assets / (3.3 MB). Loaded Objects now: 6646.
Memory consumption went from 0.99 GB to 0.99 GB.
Total: 11.765100 ms (FindLiveObjects: 1.307600 ms CreateObjectMapping: 1.058300 ms MarkObjects: 6.038900 ms  DeleteObjects: 3.358100 ms)

AssetImportParameters requested are different than current active one (requested -> active):
  custom:container-demuxer-ogg: 62fdf1f143b41e24485cea50d1cbac27 -> 
  custom:video-codec-MediaFoundation-h265: 746d11721c4dcdbdad8f713fa42b33f4 -> 
  custom:video-decoder-ogg-theora: a1e56fd34408186e4bbccfd4996cb3dc -> 
  custom:framework-win-MediaFoundation: 216162199b28c13a410421893ffa2e32 -> 
  custom:container-demuxer-webm: 4f35f7cbe854078d1ac9338744f61a02 -> 
  custom:container-muxer-webm: aa71ff27fc2769a1b78a27578f13a17b -> 
  custom:video-decoder-webm-vp8: 9c59270c3fd7afecdb556c50c9e8de78 -> 
  custom:AudioImporter_EditorPlatform: d09bf68614088b80899f8185d706f6e7 -> 
  custom:video-encoder-webm-vp8: eb34c28f22e8b96e1ab97ce403110664 -> 
  custom:audio-decoder-ogg-vorbis: bf7c407c2cedff20999df2af8eb42d56 -> 
  custom:audio-encoder-webm-vorbis: bf7c407c2cedff20999df2af8eb42d56 -> 
========================================================================
Received Import Request.
  Time since last request: 2321.127115 seconds.
  path: Assets/Photon/Simple/Utilities/GUITools/Editor/Resources/Header/BlueBackCap.png
  artifactKey: Guid(949332a0e9b96c846b40ddf047705cec) Importer(815301076,1909f56bfc062723c751e8b465ee728b)
Start importing Assets/Photon/Simple/Utilities/GUITools/Editor/Resources/Header/BlueBackCap.png using Guid(949332a0e9b96c846b40ddf047705cec) Importer(815301076,1909f56bfc062723c751e8b465ee728b)  -> (artifact id: '136cc0820413414ffef05df0ee38dd0e') in 0.112447 seconds 
Number of updated asset objects reloaded before import = 0
Number of asset objects unloaded after import = 2
========================================================================
Received Import Request.
  Time since last request: 0.000037 seconds.
  path: Assets/TextMesh Pro/Examples & Extras/Resources/Fonts & Materials/Bangers SDF - Outline.mat
  artifactKey: Guid(f629c6e43dba4bf38cb74d8860150664) Importer(815301076,1909f56bfc062723c751e8b465ee728b)
Start importing Assets/TextMesh Pro/Examples & Extras/Resources/Fonts & Materials/Bangers SDF - Outline.mat using Guid(f629c6e43dba4bf38cb74d8860150664) Importer(815301076,1909f56bfc062723c751e8b465ee728b)  -> (artifact id: 'aad510a59e238651f9506b86c8a21f7d') in 0.471836 seconds 
Number of updated asset objects reloaded before import = 0
Number of asset objects unloaded after import = 4
========================================================================
Received Import Request.
  Time since last request: 0.000038 seconds.
  path: Assets/Photon/Simple/Utilities/GUITools/Editor/Resources/Header/GreenBack.png
  artifactKey: Guid(dbcc1516ee6fb8a4d838e16d585a5086) Importer(815301076,1909f56bfc062723c751e8b465ee728b)
Start importing Assets/Photon/Simple/Utilities/GUITools/Editor/Resources/Header/GreenBack.png using Guid(dbcc1516ee6fb8a4d838e16d585a5086) Importer(815301076,1909f56bfc062723c751e8b465ee728b)  -> (artifact id: '8f0873c948f046930641391728a78c70') in 0.027652 seconds 
Number of updated asset objects reloaded before import = 0
Number of asset objects unloaded after import = 2
========================================================================
Received Import Request.
  Time since last request: 0.000046 seconds.
  path: Assets/Photon/Simple/Utilities/GUITools/Editor/Resources/Header/CyanBack.png
  artifactKey: Guid(0c1a054663eeac544aef08c5e04820ad) Importer(815301076,1909f56bfc062723c751e8b465ee728b)
Start importing Assets/Photon/Simple/Utilities/GUITools/Editor/Resources/Header/CyanBack.png using Guid(0c1a054663eeac544aef08c5e04820ad) Importer(815301076,1909f56bfc062723c751e8b465ee728b)  -> (artifact id: 'e9aad1f07355d45d32e57bf6355dfc5b') in 0.035560 seconds 
Number of updated asset objects reloaded before import = 0
Number of asset objects unloaded after import = 2
========================================================================
Received Import Request.
  Time since last request: 0.000032 seconds.
  path: Assets/Photon/Simple/Utilities/GUITools/Editor/Resources/Header/BlueBack_thin.png
  artifactKey: Guid(b0952a9df4dc21344a1d7abd06fd5ff5) Importer(815301076,1909f56bfc062723c751e8b465ee728b)
Start importing Assets/Photon/Simple/Utilities/GUITools/Editor/Resources/Header/BlueBack_thin.png using Guid(b0952a9df4dc21344a1d7abd06fd5ff5) Importer(815301076,1909f56bfc062723c751e8b465ee728b)  -> (artifact id: '1a75d144f26c52510252916b7370c585') in 0.034666 seconds 
Number of updated asset objects reloaded before import = 0
Number of asset objects unloaded after import = 2
========================================================================
Received Import Request.
  Time since last request: 0.000031 seconds.
  path: Assets/Photon/Simple/Utilities/GUITools/Editor/Resources/Header/BlackBackCap.png
  artifactKey: Guid(52186679def23914694ee3c98a18ad99) Importer(815301076,1909f56bfc062723c751e8b465ee728b)
Start importing Assets/Photon/Simple/Utilities/GUITools/Editor/Resources/Header/BlackBackCap.png using Guid(52186679def23914694ee3c98a18ad99) Importer(815301076,1909f56bfc062723c751e8b465ee728b)  -> (artifact id: '8a96ef573ca92adc4f5553880634ed01') in 0.024900 seconds 
Number of updated asset objects reloaded before import = 0
Number of asset objects unloaded after import = 2
========================================================================
Received Import Request.
  Time since last request: 0.000029 seconds.
  path: Assets/Photon/Simple/Utilities/GUITools/Editor/Resources/Header/CyanBack_thin.png
  artifactKey: Guid(cea26e350b390c243aa4f014f2356422) Importer(815301076,1909f56bfc062723c751e8b465ee728b)
Start importing Assets/Photon/Simple/Utilities/GUITools/Editor/Resources/Header/CyanBack_thin.png using Guid(cea26e350b390c243aa4f014f2356422) Importer(815301076,1909f56bfc062723c751e8b465ee728b)  -> (artifact id: '3c3bcebeff5474daf473dec78cf28157') in 0.024108 seconds 
Number of updated asset objects reloaded before import = 0
Number of asset objects unloaded after import = 2
========================================================================
Received Import Request.
  Time since last request: 0.000028 seconds.
  path: Assets/Photon/Simple/Utilities/GUITools/Editor/Resources/Header/GreenBackCap.png
  artifactKey: Guid(a31e738b40e317445a9a508a0aa1611f) Importer(815301076,1909f56bfc062723c751e8b465ee728b)
Start importing Assets/Photon/Simple/Utilities/GUITools/Editor/Resources/Header/GreenBackCap.png using Guid(a31e738b40e317445a9a508a0aa1611f) Importer(815301076,1909f56bfc062723c751e8b465ee728b)  -> (artifact id: '03ba36640f93bbb899e85e9daebf2cf7') in 0.026215 seconds 
Number of updated asset objects reloaded before import = 0
Number of asset objects unloaded after import = 2
========================================================================
Received Import Request.
  Time since last request: 0.000025 seconds.
  path: Assets/Photon/Simple/Utilities/GUITools/Editor/Resources/Header/OrangeBack.png
  artifactKey: Guid(9c13fb3f44e3a68428d7fc0641fe7639) Importer(815301076,1909f56bfc062723c751e8b465ee728b)
Start importing Assets/Photon/Simple/Utilities/GUITools/Editor/Resources/Header/OrangeBack.png using Guid(9c13fb3f44e3a68428d7fc0641fe7639) Importer(815301076,1909f56bfc062723c751e8b465ee728b)  -> (artifact id: 'e1cfc7d7364fa486e6a7f6e5a9d943fa') in 0.025084 seconds 
Number of updated asset objects reloaded before import = 0
Number of asset objects unloaded after import = 2
========================================================================
Received Prepare
Begin MonoManager ReloadAssembly
Symbol file LoadedFromMemory doesn't match image D:\App data\Trans-Runners!!\Library\PackageCache\com.unity.visualscripting@1.8.0\Editor\VisualScripting.Core\Dependencies\YamlDotNet\Unity.VisualScripting.YamlDotNet.dll
Symbol file LoadedFromMemory is not a mono symbol file
Symbol file LoadedFromMemory doesn't match image D:\App data\Trans-Runners!!\Library\PackageCache\com.unity.visualscripting@1.8.0\Editor\VisualScripting.Core\Dependencies\DotNetZip\Unity.VisualScripting.IonicZip.dll
Symbol file LoadedFromMemory is not a mono symbol file
Symbol file LoadedFromMemory is not a mono symbol file
Symbol file LoadedFromMemory is not a mono symbol file
- Loaded All Assemblies, in  1.298 seconds
Refreshing native plugins compatible for Editor in 6.69 ms, found 3 plugins.
Native extension for UWP target not found
Native extension for WindowsStandalone target not found
Native extension for iOS target not found
Native extension for Android target not found
Native extension for OSXStandalone target not found
Native extension for WebGL target not found
Mono: successfully reloaded assembly
- Finished resetting the current domain, in  2.069 seconds
Domain Reload Profiling:
	ReloadAssembly (305ms)
		BeginReloadAssembly (210ms)
			ExecutionOrderSort (0ms)
			DisableScriptedObjects (16ms)
			BackupInstance (0ms)
			ReleaseScriptingObjects (0ms)
			CreateAndSetChildDomain (70ms)
		LoadAllAssembliesAndSetupDomain (992ms)
			LoadAssemblies (399ms)
			RebuildTransferFunctionScriptingTraits (0ms)
			SetupTypeCache (673ms)
				TypeCache.Initialize (382ms)
					TypeCache.ScanAssembly (374ms)
				ResolveRequiredComponents (15ms)
		FinalizeReload (0ms)
			ReleaseScriptCaches (0ms)
			RebuildScriptCaches (0ms)
			SetupLoadedEditorAssemblies (725ms)
				LogAssemblyErrors (0ms)
				InitializePlatformSupportModulesInManaged (39ms)
				SetLoadedEditorAssemblies (3ms)
				RefreshPlugins (0ms)
				BeforeProcessingInitializeOnLoad (71ms)
				ProcessInitializeOnLoadAttributes (360ms)
				ProcessInitializeOnLoadMethodAttributes (248ms)
				AfterProcessingInitializeOnLoad (3ms)
				EditorAssembliesLoaded (0ms)
			ExecutionOrderSort2 (0ms)
			AwakeInstancesAfterBackupRestoration (26ms)
Refreshing native plugins compatible for Editor in 9.60 ms, found 3 plugins.
Preloading 0 native plugins for Editor in 0.00 ms.
Unloading 6293 Unused Serialized files (Serialized files now loaded: 0)
Unloading 399 unused Assets / (3.3 MB). Loaded Objects now: 6749.
Memory consumption went from 0.96 GB to 0.95 GB.
Total: 7.118200 ms (FindLiveObjects: 0.608300 ms CreateObjectMapping: 0.288400 ms MarkObjects: 3.892300 ms  DeleteObjects: 2.327300 ms)

Prepare: number of updated asset objects reloaded= 0
AssetImportParameters requested are different than current active one (requested -> active):
  custom:container-demuxer-ogg: 62fdf1f143b41e24485cea50d1cbac27 -> 
  custom:video-codec-MediaFoundation-h265: 746d11721c4dcdbdad8f713fa42b33f4 -> 
  custom:video-decoder-ogg-theora: a1e56fd34408186e4bbccfd4996cb3dc -> 
  custom:framework-win-MediaFoundation: 216162199b28c13a410421893ffa2e32 -> 
  custom:container-demuxer-webm: 4f35f7cbe854078d1ac9338744f61a02 -> 
  custom:container-muxer-webm: aa71ff27fc2769a1b78a27578f13a17b -> 
  custom:video-decoder-webm-vp8: 9c59270c3fd7afecdb556c50c9e8de78 -> 
  custom:AudioImporter_EditorPlatform: d09bf68614088b80899f8185d706f6e7 -> 
  custom:video-encoder-webm-vp8: eb34c28f22e8b96e1ab97ce403110664 -> 
  custom:audio-decoder-ogg-vorbis: bf7c407c2cedff20999df2af8eb42d56 -> 
  custom:audio-encoder-webm-vorbis: bf7c407c2cedff20999df2af8eb42d56 -> 
========================================================================
Received Prepare
Refreshing native plugins compatible for Editor in 9.57 ms, found 3 plugins.
Preloading 0 native plugins for Editor in 0.00 ms.
Unloading 5 Unused Serialized files (Serialized files now loaded: 0)
Unloading 5 unused Assets / (435.5 KB). Loaded Objects now: 6749.
Memory consumption went from 118.3 MB to 117.8 MB.
Total: 8.037900 ms (FindLiveObjects: 0.729300 ms CreateObjectMapping: 0.889800 ms MarkObjects: 6.065600 ms  DeleteObjects: 0.351800 ms)

Prepare: number of updated asset objects reloaded= 0
AssetImportParameters requested are different than current active one (requested -> active):
  custom:container-demuxer-ogg: 62fdf1f143b41e24485cea50d1cbac27 -> 
  custom:video-codec-MediaFoundation-h265: 746d11721c4dcdbdad8f713fa42b33f4 -> 
  custom:video-decoder-ogg-theora: a1e56fd34408186e4bbccfd4996cb3dc -> 
  custom:framework-win-MediaFoundation: 216162199b28c13a410421893ffa2e32 -> 
  custom:container-demuxer-webm: 4f35f7cbe854078d1ac9338744f61a02 -> 
  custom:container-muxer-webm: aa71ff27fc2769a1b78a27578f13a17b -> 
  custom:video-decoder-webm-vp8: 9c59270c3fd7afecdb556c50c9e8de78 -> 
  custom:AudioImporter_EditorPlatform: d09bf68614088b80899f8185d706f6e7 -> 
  custom:video-encoder-webm-vp8: eb34c28f22e8b96e1ab97ce403110664 -> 
  custom:audio-decoder-ogg-vorbis: bf7c407c2cedff20999df2af8eb42d56 -> 
  custom:audio-encoder-webm-vorbis: bf7c407c2cedff20999df2af8eb42d56 -> 
Editor requested this worker to shutdown with reason: Scaling down because of idle timeout
TcpMessagingSession - receive error
AssetImportWorkerClient::OnTransportError - code=2 error=End of file
AssetImportWorker is now disconnected from the server
Process exiting
Exiting without the bug reporter. Application will terminate with return code 0