Using pre-set license
Built from '2022.2/staging' branch; Version is '2022.2.5f1 (551d45108343) revision 5578053'; Using compiler version '192829333'; Build Type 'Release'
OS: 'Windows 11  (10.0.22621) 64bit Core' Language: 'en' Physical Memory: 15720 MB
BatchMode: 1, IsHumanControllingUs: 0, StartBugReporterOnCrash: 0, Is64bit: 1, IsPro: 1

COMMAND LINE ARGUMENTS:
D:\App data\Unity Hub\2022.2.5f1\Editor\Unity.exe
-adb2
-batchMode
-noUpm
-name
AssetImportWorker2
-projectPath
D:/App data/Trans-Runners!!
-logFile
Logs/AssetImportWorker2.log
-srvPort
63810
Successfully changed project path to: D:/App data/Trans-Runners!!
D:/App data/Trans-Runners!!
[UnityMemory] Configuration Parameters - Can be set up in boot.config
    "memorysetup-bucket-allocator-granularity=16"
    "memorysetup-bucket-allocator-bucket-count=8"
    "memorysetup-bucket-allocator-block-size=33554432"
    "memorysetup-bucket-allocator-block-count=8"
    "memorysetup-main-allocator-block-size=16777216"
    "memorysetup-thread-allocator-block-size=16777216"
    "memorysetup-gfx-main-allocator-block-size=16777216"
    "memorysetup-gfx-thread-allocator-block-size=16777216"
    "memorysetup-cache-allocator-block-size=4194304"
    "memorysetup-typetree-allocator-block-size=2097152"
    "memorysetup-profiler-bucket-allocator-granularity=16"
    "memorysetup-profiler-bucket-allocator-bucket-count=8"
    "memorysetup-profiler-bucket-allocator-block-size=33554432"
    "memorysetup-profiler-bucket-allocator-block-count=8"
    "memorysetup-profiler-allocator-block-size=16777216"
    "memorysetup-profiler-editor-allocator-block-size=1048576"
    "memorysetup-temp-allocator-size-main=16777216"
    "memorysetup-job-temp-allocator-block-size=2097152"
    "memorysetup-job-temp-allocator-block-size-background=1048576"
    "memorysetup-job-temp-allocator-reduction-small-platforms=262144"
    "memorysetup-temp-allocator-size-background-worker=32768"
    "memorysetup-temp-allocator-size-job-worker=262144"
    "memorysetup-temp-allocator-size-preload-manager=33554432"
    "memorysetup-temp-allocator-size-nav-mesh-worker=65536"
    "memorysetup-temp-allocator-size-audio-worker=65536"
    "memorysetup-temp-allocator-size-cloud-worker=32768"
    "memorysetup-temp-allocator-size-gi-baking-worker=262144"
    "memorysetup-temp-allocator-size-gfx=262144"
Player connection [31540] Host "[IP] 10.247.192.54 [Port] 0 [Flags] 2 [Guid] 3087419166 [EditorId] 3087419166 [Version] 1048832 [Id] WindowsEditor(7,JAC-Techno-Uni) [Debug] 1 [PackageName] WindowsEditor [ProjectName] Editor" joined multi-casting on [225.0.0.222:54997]...

Player connection [31540] Host "[IP] 10.247.192.54 [Port] 0 [Flags] 2 [Guid] 3087419166 [EditorId] 3087419166 [Version] 1048832 [Id] WindowsEditor(7,JAC-Techno-Uni) [Debug] 1 [PackageName] WindowsEditor [ProjectName] Editor" joined alternative multi-casting on [225.0.0.222:34997]...

Refreshing native plugins compatible for Editor in 1072.08 ms, found 3 plugins.
Preloading 0 native plugins for Editor in 0.00 ms.
Initialize engine version: 2022.2.5f1 (551d45108343)
[Subsystems] Discovering subsystems at path D:/App data/Unity Hub/2022.2.5f1/Editor/Data/Resources/UnitySubsystems
[Subsystems] Discovering subsystems at path D:/App data/Trans-Runners!!/Assets
GfxDevice: creating device client; threaded=0; jobified=0
Direct3D:
    Version:  Direct3D 11.0 [level 11.1]
    Renderer: NVIDIA GeForce RTX 3060 Laptop GPU (ID=0x2560)
    Vendor:   NVIDIA
    VRAM:     6009 MB
    Driver:   31.0.15.2849
Initialize mono
Mono path[0] = 'D:/App data/Unity Hub/2022.2.5f1/Editor/Data/Managed'
Mono path[1] = 'D:/App data/Unity Hub/2022.2.5f1/Editor/Data/MonoBleedingEdge/lib/mono/unityjit-win32'
Mono config path = 'D:/App data/Unity Hub/2022.2.5f1/Editor/Data/MonoBleedingEdge/etc'
Using monoOptions --debugger-agent=transport=dt_socket,embedding=1,server=y,suspend=n,address=127.0.0.1:56732
Begin MonoManager ReloadAssembly
Registering precompiled unity dll's ...
Register platform support module: D:/App data/Unity Hub/2022.2.5f1/Editor/Data/PlaybackEngines/WebGLSupport/UnityEditor.WebGL.Extensions.dll
Register platform support module: D:/App data/Unity Hub/2022.2.5f1/Editor/Data/PlaybackEngines/MacStandaloneSupport/UnityEditor.OSXStandalone.Extensions.dll
Register platform support module: D:/App data/Unity Hub/2022.2.5f1/Editor/Data/PlaybackEngines/AndroidPlayer/UnityEditor.Android.Extensions.dll
Register platform support module: D:/App data/Unity Hub/2022.2.5f1/Editor/Data/PlaybackEngines/iOSSupport/UnityEditor.iOS.Extensions.dll
Register platform support module: D:/App data/Unity Hub/2022.2.5f1/Editor/Data/PlaybackEngines/WindowsStandaloneSupport/UnityEditor.WindowsStandalone.Extensions.dll
Register platform support module: D:/App data/Unity Hub/2022.2.5f1/Editor/Data/PlaybackEngines/MetroSupport/UnityEditor.UWP.Extensions.dll
Registered in 0.688546 seconds.
- Loaded All Assemblies, in  6.203 seconds
Native extension for UWP target not found
Native extension for WindowsStandalone target not found
[usbmuxd] Start listen thread
[usbmuxd] Listen thread started
[usbmuxd] Send listen message
Native extension for iOS target not found
Native extension for Android target not found
Android Extension - Scanning For ADB Devices 594 ms
Native extension for OSXStandalone target not found
Native extension for WebGL target not found
Mono: successfully reloaded assembly
- Finished resetting the current domain, in  1.134 seconds
Domain Reload Profiling:
	ReloadAssembly (5100ms)
		BeginReloadAssembly (3977ms)
			ExecutionOrderSort (0ms)
			DisableScriptedObjects (0ms)
			BackupInstance (0ms)
			ReleaseScriptingObjects (0ms)
			CreateAndSetChildDomain (1ms)
		LoadAllAssembliesAndSetupDomain (0ms)
			LoadAssemblies (3977ms)
			RebuildTransferFunctionScriptingTraits (0ms)
			SetupTypeCache (1099ms)
				TypeCache.Initialize (1098ms)
					TypeCache.ScanAssembly (1096ms)
				ResolveRequiredComponents (0ms)
		FinalizeReload (0ms)
			ReleaseScriptCaches (0ms)
			RebuildScriptCaches (0ms)
			SetupLoadedEditorAssemblies (1080ms)
				LogAssemblyErrors (0ms)
				InitializePlatformSupportModulesInManaged (911ms)
				SetLoadedEditorAssemblies (3ms)
				RefreshPlugins (0ms)
				BeforeProcessingInitializeOnLoad (1ms)
				ProcessInitializeOnLoadAttributes (105ms)
				ProcessInitializeOnLoadMethodAttributes (60ms)
				AfterProcessingInitializeOnLoad (0ms)
				EditorAssembliesLoaded (0ms)
			ExecutionOrderSort2 (0ms)
			AwakeInstancesAfterBackupRestoration (0ms)
========================================================================
Worker process is ready to serve import requests
Begin MonoManager ReloadAssembly
Symbol file LoadedFromMemory doesn't match image D:\App data\Trans-Runners!!\Library\PackageCache\com.unity.visualscripting@1.8.0\Editor\VisualScripting.Core\Dependencies\YamlDotNet\Unity.VisualScripting.YamlDotNet.dll
Symbol file LoadedFromMemory doesn't match image D:\App data\Trans-Runners!!\Library\PackageCache\com.unity.visualscripting@1.8.0\Editor\VisualScripting.Core\Dependencies\DotNetZip\Unity.VisualScripting.IonicZip.dll
- Loaded All Assemblies, in  8.781 seconds
Refreshing native plugins compatible for Editor in 2.72 ms, found 3 plugins.
Native extension for UWP target not found
Native extension for WindowsStandalone target not found
Native extension for iOS target not found
Native extension for Android target not found
Native extension for OSXStandalone target not found
Native extension for WebGL target not found
Mono: successfully reloaded assembly
- Finished resetting the current domain, in  0.600 seconds
Domain Reload Profiling:
	ReloadAssembly (234ms)
		BeginReloadAssembly (132ms)
			ExecutionOrderSort (0ms)
			DisableScriptedObjects (7ms)
			BackupInstance (0ms)
			ReleaseScriptingObjects (0ms)
			CreateAndSetChildDomain (26ms)
		LoadAllAssembliesAndSetupDomain (8547ms)
			LoadAssemblies (7929ms)
			RebuildTransferFunctionScriptingTraits (0ms)
			SetupTypeCache (680ms)
				TypeCache.Initialize (510ms)
					TypeCache.ScanAssembly (506ms)
				ResolveRequiredComponents (7ms)
		FinalizeReload (0ms)
			ReleaseScriptCaches (0ms)
			RebuildScriptCaches (0ms)
			SetupLoadedEditorAssemblies (432ms)
				LogAssemblyErrors (0ms)
				InitializePlatformSupportModulesInManaged (32ms)
				SetLoadedEditorAssemblies (3ms)
				RefreshPlugins (0ms)
				BeforeProcessingInitializeOnLoad (57ms)
				ProcessInitializeOnLoadAttributes (264ms)
				ProcessInitializeOnLoadMethodAttributes (73ms)
				AfterProcessingInitializeOnLoad (3ms)
				EditorAssembliesLoaded (0ms)
			ExecutionOrderSort2 (0ms)
			AwakeInstancesAfterBackupRestoration (7ms)
Launched and connected shader compiler UnityShaderCompiler.exe after 0.09 seconds
Refreshing native plugins compatible for Editor in 2.84 ms, found 3 plugins.
Preloading 0 native plugins for Editor in 0.00 ms.
Unloading 5260 Unused Serialized files (Serialized files now loaded: 0)
Unloading 29 unused Assets / (401.1 KB). Loaded Objects now: 5725.
Memory consumption went from 0.81 GB to 0.81 GB.
Total: 4.276000 ms (FindLiveObjects: 0.546800 ms CreateObjectMapping: 0.320900 ms MarkObjects: 3.087300 ms  DeleteObjects: 0.320000 ms)

AssetImportParameters requested are different than current active one (requested -> active):
  custom:container-demuxer-ogg: 62fdf1f143b41e24485cea50d1cbac27 -> 
  custom:video-codec-MediaFoundation-h265: 746d11721c4dcdbdad8f713fa42b33f4 -> 
  custom:video-decoder-ogg-theora: a1e56fd34408186e4bbccfd4996cb3dc -> 
  custom:framework-win-MediaFoundation: 216162199b28c13a410421893ffa2e32 -> 
  custom:container-demuxer-webm: 4f35f7cbe854078d1ac9338744f61a02 -> 
  custom:container-muxer-webm: aa71ff27fc2769a1b78a27578f13a17b -> 
  custom:video-decoder-webm-vp8: 9c59270c3fd7afecdb556c50c9e8de78 -> 
  custom:AudioImporter_EditorPlatform: d09bf68614088b80899f8185d706f6e7 -> 
  custom:video-encoder-webm-vp8: eb34c28f22e8b96e1ab97ce403110664 -> 
  custom:audio-decoder-ogg-vorbis: bf7c407c2cedff20999df2af8eb42d56 -> 
  custom:audio-encoder-webm-vorbis: bf7c407c2cedff20999df2af8eb42d56 -> 
========================================================================
Received Import Request.
  Time since last request: 8536.293179 seconds.
  path: Assets/Animations/Locomotion Pack/idle.fbx
  artifactKey: Guid(3cfc2d0a4dc311948976aca137f50af9) Importer(815301076,1909f56bfc062723c751e8b465ee728b)
Start importing Assets/Animations/Locomotion Pack/idle.fbx using Guid(3cfc2d0a4dc311948976aca137f50af9) Importer(815301076,1909f56bfc062723c751e8b465ee728b)  -> (artifact id: '9aa601199614f70e1a617753c113b002') in 0.046793 seconds 
Number of updated asset objects reloaded before import = 0
Number of asset objects unloaded after import = 137
========================================================================
Received Import Request.
  Time since last request: 0.000026 seconds.
  path: Assets/Animations/Locomotion Pack/left turn 90.fbx
  artifactKey: Guid(dcd57824ce786294b95e6fb917ec4c7c) Importer(815301076,1909f56bfc062723c751e8b465ee728b)
Start importing Assets/Animations/Locomotion Pack/left turn 90.fbx using Guid(dcd57824ce786294b95e6fb917ec4c7c) Importer(815301076,1909f56bfc062723c751e8b465ee728b)  -> (artifact id: '4d3f01daf8004a79dd1321cb53e8f609') in 0.009718 seconds 
Number of updated asset objects reloaded before import = 0
Number of asset objects unloaded after import = 137
========================================================================
Received Import Request.
  Time since last request: 0.000062 seconds.
  path: Assets/Animations/Locomotion Pack/walking.fbx
  artifactKey: Guid(c88327a0bd5fc3441a26f8acf2d65990) Importer(815301076,1909f56bfc062723c751e8b465ee728b)
Start importing Assets/Animations/Locomotion Pack/walking.fbx using Guid(c88327a0bd5fc3441a26f8acf2d65990) Importer(815301076,1909f56bfc062723c751e8b465ee728b)  -> (artifact id: '626dc78d238239a4ea4c995d1d1c4acc') in 0.005982 seconds 
Number of updated asset objects reloaded before import = 0
Number of asset objects unloaded after import = 137
========================================================================
Received Import Request.
  Time since last request: 0.000019 seconds.
  path: Assets/Animations/Locomotion Pack/right strafe walking.fbx
  artifactKey: Guid(8b7cb59a246f31645acac682a3709058) Importer(815301076,1909f56bfc062723c751e8b465ee728b)
Start importing Assets/Animations/Locomotion Pack/right strafe walking.fbx using Guid(8b7cb59a246f31645acac682a3709058) Importer(815301076,1909f56bfc062723c751e8b465ee728b)  -> (artifact id: '0969c04b9479ea79a756e5fb488c5df6') in 0.007734 seconds 
Number of updated asset objects reloaded before import = 0
Number of asset objects unloaded after import = 137
========================================================================
Received Import Request.
  Time since last request: 0.000036 seconds.
  path: Assets/Animations/Locomotion Pack/running.fbx
  artifactKey: Guid(5eec1197dd26e3e4b9c6355ee14d09a0) Importer(815301076,1909f56bfc062723c751e8b465ee728b)
Start importing Assets/Animations/Locomotion Pack/running.fbx using Guid(5eec1197dd26e3e4b9c6355ee14d09a0) Importer(815301076,1909f56bfc062723c751e8b465ee728b)  -> (artifact id: '1b86b4b090f37405484a788a92393084') in 0.005935 seconds 
Number of updated asset objects reloaded before import = 0
Number of asset objects unloaded after import = 137
========================================================================
Received Import Request.
  Time since last request: 0.000027 seconds.
  path: Assets/Animations/Locomotion Pack/left strafe.fbx
  artifactKey: Guid(fe9a3e043d386c148b81a792da86269d) Importer(815301076,1909f56bfc062723c751e8b465ee728b)
Start importing Assets/Animations/Locomotion Pack/left strafe.fbx using Guid(fe9a3e043d386c148b81a792da86269d) Importer(815301076,1909f56bfc062723c751e8b465ee728b)  -> (artifact id: '93ad4a67a735b712fdfa849c0dca2864') in 0.007341 seconds 
Number of updated asset objects reloaded before import = 0
Number of asset objects unloaded after import = 137
========================================================================
Received Import Request.
  Time since last request: 0.000024 seconds.
  path: Assets/Animations/Locomotion Pack/left strafe walking.fbx
  artifactKey: Guid(620fba0081f3f1c44a49189937b33a13) Importer(815301076,1909f56bfc062723c751e8b465ee728b)
Start importing Assets/Animations/Locomotion Pack/left strafe walking.fbx using Guid(620fba0081f3f1c44a49189937b33a13) Importer(815301076,1909f56bfc062723c751e8b465ee728b)  -> (artifact id: '572ca93e5ecd2f8e17a82f0ef87439b4') in 0.007978 seconds 
Number of updated asset objects reloaded before import = 0
Number of asset objects unloaded after import = 137
========================================================================
Received Import Request.
  Time since last request: 0.000036 seconds.
  path: Assets/Animations/Locomotion Pack/right strafe.fbx
  artifactKey: Guid(b7b4b1f3425f41e4bbc06fd48c69343b) Importer(815301076,1909f56bfc062723c751e8b465ee728b)
Start importing Assets/Animations/Locomotion Pack/right strafe.fbx using Guid(b7b4b1f3425f41e4bbc06fd48c69343b) Importer(815301076,1909f56bfc062723c751e8b465ee728b)  -> (artifact id: '4e0e45fc808d5ed40f659a3460da78a8') in 0.006907 seconds 
Number of updated asset objects reloaded before import = 0
Number of asset objects unloaded after import = 137
========================================================================
Received Import Request.
  Time since last request: 0.000019 seconds.
  path: Assets/Animations/Locomotion Pack/right turn.fbx
  artifactKey: Guid(c6170c03a35fdba4f9cd0ba07a23afc8) Importer(815301076,1909f56bfc062723c751e8b465ee728b)
Start importing Assets/Animations/Locomotion Pack/right turn.fbx using Guid(c6170c03a35fdba4f9cd0ba07a23afc8) Importer(815301076,1909f56bfc062723c751e8b465ee728b)  -> (artifact id: '859480256afe15cc927db78904cbff33') in 0.007411 seconds 
Number of updated asset objects reloaded before import = 0
Number of asset objects unloaded after import = 137
========================================================================
Received Import Request.
  Time since last request: 0.000031 seconds.
  path: Assets/Animations/Locomotion Pack/left turn.fbx
  artifactKey: Guid(f884ed0adf1af594cb7b2666643a3a73) Importer(815301076,1909f56bfc062723c751e8b465ee728b)
Start importing Assets/Animations/Locomotion Pack/left turn.fbx using Guid(f884ed0adf1af594cb7b2666643a3a73) Importer(815301076,1909f56bfc062723c751e8b465ee728b)  -> (artifact id: 'b6d3ab137ac2c31afa0395e2a5dd6200') in 0.007447 seconds 
Number of updated asset objects reloaded before import = 0
Number of asset objects unloaded after import = 137
Editor requested this worker to shutdown with reason: Scaling down because of idle timeout
TcpMessagingSession - receive error: operation aborted. errorcode: 995, details: The I/O operation has been aborted because of either a thread exit or an application request.
AssetImportWorker is now disconnected from the server
Process exiting
Exiting without the bug reporter. Application will terminate with return code 0